  Assembling Irvine32.asm...
Irvine32.asm(1): error A2044: invalid character in file
Irvine32.asm(6): error A2013: .MODEL must precede this directive
Irvine32.asm(7): error A2034: must be in segment block
Irvine32.asm(8): error A2034: must be in segment block
Irvine32.asm(9): error A2034: must be in segment block
Irvine32.asm(12): error A2034: must be in segment block
Irvine32.asm(13): error A2034: must be in segment block
Irvine32.asm(14): error A2034: must be in segment block
Irvine32.asm(15): error A2034: must be in segment block
Irvine32.asm(16): error A2034: must be in segment block
Irvine32.asm(17): error A2034: must be in segment block
Irvine32.asm(74): error A2013: .MODEL must precede this directive
Irvine32.asm(75): error A2034: must be in segment block : main
Irvine32.asm(76): error A2034: must be in segment block
Irvine32.asm(76): error A2034: must be in segment block
Irvine32.asm(76): error A2034: must be in segment block
Irvine32.asm(76): error A2034: must be in segment block
Irvine32.asm(76): error A2034: must be in segment block
Irvine32.asm(76): error A2034: must be in segment block
Irvine32.asm(76): error A2034: must be in segment block
Irvine32.asm(76): error A2034: must be in segment block
Irvine32.asm(76): error A2034: must be in segment block
Irvine32.asm(76): error A2034: must be in segment block
Irvine32.asm(76): error A2034: must be in segment block
Irvine32.asm(76): error A2034: must be in segment block
Irvine32.asm(76): error A2034: must be in segment block
Irvine32.asm(76): error A2034: must be in segment block
Irvine32.asm(77): error A2034: must be in segment block
Irvine32.asm(77): error A2034: must be in segment block
Irvine32.asm(77): error A2034: must be in segment block
Irvine32.asm(77): error A2034: must be in segment block
Irvine32.asm(77): error A2034: must be in segment block
Irvine32.asm(77): error A2034: must be in segment block
Irvine32.asm(77): error A2034: must be in segment block
Irvine32.asm(77): error A2034: must be in segment block
Irvine32.asm(77): error A2034: must be in segment block
Irvine32.asm(77): error A2034: must be in segment block
Irvine32.asm(77): error A2034: must be in segment block
Irvine32.asm(77): error A2034: must be in segment block
Irvine32.asm(77): error A2034: must be in segment block
Irvine32.asm(77): error A2034: must be in segment block
Irvine32.asm(77): error A2034: must be in segment block
Irvine32.asm(77): error A2034: must be in segment block
Irvine32.asm(77): error A2034: must be in segment block
Irvine32.asm(77): error A2034: must be in segment block
Irvine32.asm(77): error A2034: must be in segment block
Irvine32.asm(77): error A2034: must be in segment block
Irvine32.asm(77): error A2034: must be in segment block
Irvine32.asm(77): error A2034: must be in segment block
Irvine32.asm(77): error A2034: must be in segment block
Irvine32.asm(77): error A2034: must be in segment block
Irvine32.asm(78): error A2034: must be in segment block
Irvine32.asm(78): error A2034: must be in segment block
Irvine32.asm(78): error A2034: must be in segment block
Irvine32.asm(78): error A2034: must be in segment block
Irvine32.asm(78): error A2034: must be in segment block
Irvine32.asm(78): error A2034: must be in segment block
Irvine32.asm(78): error A2034: must be in segment block
Irvine32.asm(78): error A2034: must be in segment block
Irvine32.asm(79): error A2008: syntax error : exit
Irvine32.asm(80): error A2008: syntax error : main
Irvine32.asm(81): error A2006: undefined symbol : main
Irvine32.asm(81): error A2148: invalid symbol type in expression : main
C:\Program Files\Microsoft Visual Studio\2022\Community\MSBuild\Microsoft\VC\v170\BuildCustomizations\masm.targets(70,5): error MSB3721: The command "ml.exe /c /nologo /Sg /Zi /Fo"Debug\Irvine32.obj" /Fl"Project.lst" /I "c:\Irvine" /W3 /errorReport:prompt  /TaIrvine32.asm" exited with code 1.
