Microsoft (R) Macro Assembler Version 14.30.30709.0	    03/04/22 20:17:55
Irvine32.asm						     Page 1 - 1


				﻿INCLUDE Irvine32.inc
Irvine32.asm(1) : error A2044:invalid character in file

				;Sa se scrie un macro care primeşte trei adrese de memorie A1, A2, A3, concateneaza sirurile de caractere
				;incepind de la adresele A1 si A2 in aceasta ordine, depunind rezultatul la adresa A3. 
				;blancurile să fie înlocuite cu ‚@’.Afișati  pe ecran toate șirurile.
				.data
Irvine32.asm(6) : error A2013:.MODEL must precede this directive
				str1Mes db "Str1: ",0
Irvine32.asm(7) : error A2034:must be in segment block
				str2Mes db "Str2: ",0
Irvine32.asm(8) : error A2034:must be in segment block
				resultMes db "Result: ",0
Irvine32.asm(9) : error A2034:must be in segment block
 = 0064				str1MaxLen = 100
 = 0064				str2MaxLen = 100
				str1 byte str1MaxLen+1 DUP(?)
Irvine32.asm(12) : error A2034:must be in segment block
				str2 byte str2MaxLen+1 DUP(?)
Irvine32.asm(13) : error A2034:must be in segment block
				str3 byte str1MaxLen+str2MaxLen+1 DUP(?)
Irvine32.asm(14) : error A2034:must be in segment block
				str1Len dd ?
Irvine32.asm(15) : error A2034:must be in segment block
				str2Len dd ?
Irvine32.asm(16) : error A2034:must be in segment block
				str3Len dd ?
Irvine32.asm(17) : error A2034:must be in segment block
				concat MACRO src1, src2, dest, src1Len, src2Len
				cld
				mov esi, offset src1
				mov edi, offset dest
				mov ecx, src1Len
				rep movsb
				mov esi, offset src2
				mov edi, offset dest
				add edi, src1Len
				mov ecx, src2Len
				rep movsb
				replaceChar dest
				ENDM
				replaceChar MACRO str
				LOCAL nextChar, nd
				mov edi, offset str
				dec edi
				nextChar:
				inc edi
				mov ebx, [edi]
				cmp bl, 0
				je nd
				cmp bl, 32 ; 32 = ' '
				jne nextChar
				mov ebx, 0
				mov bl, 64 ; 64 = '@'
				mov [edi], bl
				jmp nextChar
				nd:
				ENDM
				inputValues MACRO
				mov edx, offset str1Mes
				call WriteString
				mov edx, offset str1
				mov ecx, str1MaxLen
				call ReadString
				mov str1Len, eax
				mov edx, offset str2Mes
				call WriteString
				mov edx, offset str2
				mov ecx, str2MaxLen
				call ReadString
				mov str2Len, eax
				add eax, str1Len
				mov str3Len, eax
				ENDM
				outputResults MACRO
				mov al, 10
				call WriteChar
				mov edx, offset resultMes
				call WriteString
				mov edx, offset str3
				call WriteString
				mov al, 10
				call WriteChar
				ENDM
				.code
Irvine32.asm(74) : error A2013:.MODEL must precede this directive
				main proc
Irvine32.asm(75) : error A2034:must be in segment block : main
				inputValues
			     1	mov edx, offset str1Mes
Irvine32.asm(76) : error A2034:must be in segment block
 inputValues(1): Macro Called From
  Irvine32.asm(76): Main Line Code
			     1	call WriteString
Irvine32.asm(76) : error A2034:must be in segment block
 inputValues(2): Macro Called From
  Irvine32.asm(76): Main Line Code
			     1	mov edx, offset str1
Irvine32.asm(76) : error A2034:must be in segment block
 inputValues(3): Macro Called From
  Irvine32.asm(76): Main Line Code
			     1	mov ecx, str1MaxLen
Irvine32.asm(76) : error A2034:must be in segment block
 inputValues(4): Macro Called From
  Irvine32.asm(76): Main Line Code
			     1	call ReadString
Irvine32.asm(76) : error A2034:must be in segment block
 inputValues(5): Macro Called From
  Irvine32.asm(76): Main Line Code
			     1	mov str1Len, eax
Irvine32.asm(76) : error A2034:must be in segment block
 inputValues(6): Macro Called From
  Irvine32.asm(76): Main Line Code
			     1	mov edx, offset str2Mes
Irvine32.asm(76) : error A2034:must be in segment block
 inputValues(7): Macro Called From
  Irvine32.asm(76): Main Line Code
			     1	call WriteString
Irvine32.asm(76) : error A2034:must be in segment block
 inputValues(8): Macro Called From
  Irvine32.asm(76): Main Line Code
			     1	mov edx, offset str2
Irvine32.asm(76) : error A2034:must be in segment block
 inputValues(9): Macro Called From
  Irvine32.asm(76): Main Line Code
			     1	mov ecx, str2MaxLen
Irvine32.asm(76) : error A2034:must be in segment block
 inputValues(10): Macro Called From
  Irvine32.asm(76): Main Line Code
			     1	call ReadString
Irvine32.asm(76) : error A2034:must be in segment block
 inputValues(11): Macro Called From
  Irvine32.asm(76): Main Line Code
			     1	mov str2Len, eax
Irvine32.asm(76) : error A2034:must be in segment block
 inputValues(12): Macro Called From
  Irvine32.asm(76): Main Line Code
			     1	add eax, str1Len
Irvine32.asm(76) : error A2034:must be in segment block
 inputValues(13): Macro Called From
  Irvine32.asm(76): Main Line Code
			     1	mov str3Len, eax
Irvine32.asm(76) : error A2034:must be in segment block
 inputValues(14): Macro Called From
  Irvine32.asm(76): Main Line Code
				concat str1, str2, str3, str1Len, str2Len
			     1	cld
Irvine32.asm(77) : error A2034:must be in segment block
 concat(1): Macro Called From
  Irvine32.asm(77): Main Line Code
			     1	mov esi, offset str1
Irvine32.asm(77) : error A2034:must be in segment block
 concat(2): Macro Called From
  Irvine32.asm(77): Main Line Code
			     1	mov edi, offset str3
Irvine32.asm(77) : error A2034:must be in segment block
 concat(3): Macro Called From
  Irvine32.asm(77): Main Line Code
			     1	mov ecx, str1Len
Irvine32.asm(77) : error A2034:must be in segment block
 concat(4): Macro Called From
  Irvine32.asm(77): Main Line Code
			     1	rep movsb
Irvine32.asm(77) : error A2034:must be in segment block
 concat(5): Macro Called From
  Irvine32.asm(77): Main Line Code
			     1	mov esi, offset str2
Irvine32.asm(77) : error A2034:must be in segment block
 concat(6): Macro Called From
  Irvine32.asm(77): Main Line Code
			     1	mov edi, offset str3
Irvine32.asm(77) : error A2034:must be in segment block
 concat(7): Macro Called From
  Irvine32.asm(77): Main Line Code
			     1	add edi, str1Len
Irvine32.asm(77) : error A2034:must be in segment block
 concat(8): Macro Called From
  Irvine32.asm(77): Main Line Code
			     1	mov ecx, str2Len
Irvine32.asm(77) : error A2034:must be in segment block
 concat(9): Macro Called From
  Irvine32.asm(77): Main Line Code
			     1	rep movsb
Irvine32.asm(77) : error A2034:must be in segment block
 concat(10): Macro Called From
  Irvine32.asm(77): Main Line Code
			     2	mov edi, offset str3
Irvine32.asm(77) : error A2034:must be in segment block
 replaceChar(2): Macro Called From
  concat(11): Macro Called From
   Irvine32.asm(77): Main Line Code
			     2	dec edi
Irvine32.asm(77) : error A2034:must be in segment block
 replaceChar(3): Macro Called From
  concat(11): Macro Called From
   Irvine32.asm(77): Main Line Code
			     2	??0000:
Irvine32.asm(77) : error A2034:must be in segment block
 replaceChar(4): Macro Called From
  concat(11): Macro Called From
   Irvine32.asm(77): Main Line Code
			     2	inc edi
Irvine32.asm(77) : error A2034:must be in segment block
 replaceChar(5): Macro Called From
  concat(11): Macro Called From
   Irvine32.asm(77): Main Line Code
			     2	mov ebx, [edi]
Irvine32.asm(77) : error A2034:must be in segment block
 replaceChar(6): Macro Called From
  concat(11): Macro Called From
   Irvine32.asm(77): Main Line Code
			     2	cmp bl, 0
Irvine32.asm(77) : error A2034:must be in segment block
 replaceChar(7): Macro Called From
  concat(11): Macro Called From
   Irvine32.asm(77): Main Line Code
			     2	je ??0001
Irvine32.asm(77) : error A2034:must be in segment block
 replaceChar(8): Macro Called From
  concat(11): Macro Called From
   Irvine32.asm(77): Main Line Code
			     2	cmp bl, 32 ; 32 = ' '
Irvine32.asm(77) : error A2034:must be in segment block
 replaceChar(9): Macro Called From
  concat(11): Macro Called From
   Irvine32.asm(77): Main Line Code
			     2	jne ??0000
Irvine32.asm(77) : error A2034:must be in segment block
 replaceChar(10): Macro Called From
  concat(11): Macro Called From
   Irvine32.asm(77): Main Line Code
			     2	mov ebx, 0
Irvine32.asm(77) : error A2034:must be in segment block
 replaceChar(11): Macro Called From
  concat(11): Macro Called From
   Irvine32.asm(77): Main Line Code
			     2	mov bl, 64 ; 64 = '@'
Irvine32.asm(77) : error A2034:must be in segment block
 replaceChar(12): Macro Called From
  concat(11): Macro Called From
   Irvine32.asm(77): Main Line Code
			     2	mov [edi], bl
Irvine32.asm(77) : error A2034:must be in segment block
 replaceChar(13): Macro Called From
  concat(11): Macro Called From
   Irvine32.asm(77): Main Line Code
			     2	jmp ??0000
Irvine32.asm(77) : error A2034:must be in segment block
 replaceChar(14): Macro Called From
  concat(11): Macro Called From
   Irvine32.asm(77): Main Line Code
			     2	??0001:
Irvine32.asm(77) : error A2034:must be in segment block
 replaceChar(15): Macro Called From
  concat(11): Macro Called From
   Irvine32.asm(77): Main Line Code
				outputResults
			     1	mov al, 10
Irvine32.asm(78) : error A2034:must be in segment block
 outputResults(1): Macro Called From
  Irvine32.asm(78): Main Line Code
			     1	call WriteChar
Irvine32.asm(78) : error A2034:must be in segment block
 outputResults(2): Macro Called From
  Irvine32.asm(78): Main Line Code
			     1	mov edx, offset resultMes
Irvine32.asm(78) : error A2034:must be in segment block
 outputResults(3): Macro Called From
  Irvine32.asm(78): Main Line Code
			     1	call WriteString
Irvine32.asm(78) : error A2034:must be in segment block
 outputResults(4): Macro Called From
  Irvine32.asm(78): Main Line Code
			     1	mov edx, offset str3
Irvine32.asm(78) : error A2034:must be in segment block
 outputResults(5): Macro Called From
  Irvine32.asm(78): Main Line Code
			     1	call WriteString
Irvine32.asm(78) : error A2034:must be in segment block
 outputResults(6): Macro Called From
  Irvine32.asm(78): Main Line Code
			     1	mov al, 10
Irvine32.asm(78) : error A2034:must be in segment block
 outputResults(7): Macro Called From
  Irvine32.asm(78): Main Line Code
			     1	call WriteChar
Irvine32.asm(78) : error A2034:must be in segment block
 outputResults(8): Macro Called From
  Irvine32.asm(78): Main Line Code
				exit
Irvine32.asm(79) : error A2008:syntax error : exit
				main end
Irvine32.asm(80) : error A2008:syntax error : main
				end main
Irvine32.asm(81) : error A2006:undefined symbol : main
Irvine32.asm(81) : error A2148:invalid symbol type in expression : main
Microsoft (R) Macro Assembler Version 14.30.30709.0	    03/04/22 20:17:55
Irvine32.asm						     Symbols 2 - 1




Macros:

                N a m e                 Type

concat . . . . . . . . . . . . .	Proc
inputValues  . . . . . . . . . .	Proc
outputResults  . . . . . . . . .	Proc
replaceChar  . . . . . . . . . .	Proc


Symbols:

                N a m e                 Type     Value    Attr

str1MaxLen . . . . . . . . . . .	Number	 0064h	 
str2MaxLen . . . . . . . . . . .	Number	 0064h	 

	   0 Warnings
	   63 Errors
